#
# A fatal error has been detected by the Java Runtime Environment:
#
#  Internal Error (javaClasses.cpp:136), pid=5020, tid=928
#  fatal error: Invalid layout of preloaded class
#
# JRE version:  (7.0_51-b13) (build )
# Java VM: Java HotSpot(TM) Client VM (24.51-b03 mixed mode windows-x86 )
# Failed to write core dump. Minidumps are not enabled by default on client versions of Windows
#
# If you would like to submit a bug report, please visit:
#   http://bugreport.sun.com/bugreport/crash.jsp
#

---------------  T H R E A D  ---------------

Current thread (0x0085bc00):  JavaThread "Unknown thread" [_thread_in_vm, id=928, stack(0x00310000,0x00360000)]

Stack: [0x00310000,0x00360000],  sp=0x0035fa88,  free space=318k
Native frames: (J=compiled Java code, j=interpreted, Vv=VM code, C=native code)
V  [jvm.dll+0x18e0f1]
V  [jvm.dll+0x187e66]
V  [jvm.dll+0x3586a]
V  [jvm.dll+0x358f6]
V  [jvm.dll+0x4400d]
V  [jvm.dll+0x442be]
V  [jvm.dll+0x9263a]
V  [jvm.dll+0x929eb]
V  [jvm.dll+0x13dc51]
V  [jvm.dll+0x16076c]
V  [jvm.dll+0xc8ebf]
C  [javaw.exe+0x13ce]
C  [javaw.exe+0x1e40]
C  [javaw.exe+0xa5b1]
C  [javaw.exe+0xa63b]
C  [KERNEL32.DLL+0x286e3]
C  [ntdll.dll+0x5bf39]
C  [ntdll.dll+0x5bf0c]


---------------  P R O C E S S  ---------------

Java Threads: ( => current thread )

Other Threads:

=>0x0085bc00 (exited) JavaThread "Unknown thread" [_thread_in_vm, id=928, stack(0x00310000,0x00360000)]

VM state:not at safepoint (not fully initialized)

VM Mutex/Monitor currently owned by a thread: None

GC Heap History (0 events):
No events

Deoptimization events (0 events):
No events

Internal exceptions (0 events):
No events

Events (10 events):
Event: 0.015 loading class 0x0087ad48 done
Event: 0.015 loading class 0x0087a7d8 done
Event: 0.015 loading class 0x0087a7b8
Event: 0.015 loading class 0x00881ae0
Event: 0.015 loading class 0x00881ae0 done
Event: 0.015 loading class 0x00881b10
Event: 0.015 loading class 0x00881b10 done
Event: 0.015 loading class 0x00881b40
Event: 0.015 loading class 0x00881b40 done
Event: 0.016 loading class 0x0087a7b8 done


Dynamic libraries:
0x00b50000 - 0x00b7f000 	C:\Program Files (x86)\Java\jre7\bin\javaw.exe
0x77470000 - 0x775c7000 	C:\windows\SYSTEM32\ntdll.dll
0x77130000 - 0x77260000 	C:\windows\SYSTEM32\KERNEL32.DLL
0x75d50000 - 0x75df7000 	C:\windows\SYSTEM32\KERNELBASE.dll
0x75ac0000 - 0x75b6e000 	C:\windows\SYSTEM32\ADVAPI32.dll
0x74d70000 - 0x74e86000 	C:\windows\SYSTEM32\USER32.dll
0x733a0000 - 0x73598000 	C:\windows\WinSxS\x86_microsoft.windows.common-controls_6595b64144ccf1df_6.0.9200.16579_none_8937eec6860750f5\COMCTL32.dll
0x75710000 - 0x757c1000 	C:\windows\SYSTEM32\msvcrt.dll
0x770f0000 - 0x77124000 	C:\windows\SYSTEM32\sechost.dll
0x757d0000 - 0x7587c000 	C:\windows\SYSTEM32\RPCRT4.dll
0x74c70000 - 0x74d6d000 	C:\windows\SYSTEM32\GDI32.dll
0x74a60000 - 0x74a7d000 	C:\windows\SYSTEM32\SspiCli.dll
0x74a50000 - 0x74a59000 	C:\windows\SYSTEM32\CRYPTBASE.dll
0x749f0000 - 0x74a41000 	C:\windows\SYSTEM32\bcryptPrimitives.dll
0x75030000 - 0x75050000 	C:\windows\system32\IMM32.DLL
0x75230000 - 0x7530e000 	C:\windows\SYSTEM32\MSCTF.dll
0x60da0000 - 0x60e5f000 	C:\Program Files (x86)\Java\jre7\bin\msvcr100.dll
0x5db30000 - 0x5deb0000 	C:\Program Files (x86)\Java\jre7\bin\client\jvm.dll
0x713d0000 - 0x713d8000 	C:\windows\SYSTEM32\WSOCK32.dll
0x742d0000 - 0x742f1000 	C:\windows\SYSTEM32\WINMM.dll
0x770e0000 - 0x770e6000 	C:\windows\SYSTEM32\PSAPI.DLL
0x77090000 - 0x770e0000 	C:\windows\SYSTEM32\WS2_32.dll
0x742a0000 - 0x742cb000 	C:\windows\SYSTEM32\WINMMBASE.dll
0x753a0000 - 0x753a8000 	C:\windows\SYSTEM32\NSI.dll
0x75a70000 - 0x75ab6000 	C:\windows\SYSTEM32\cfgmgr32.dll
0x75210000 - 0x7522e000 	C:\windows\SYSTEM32\DEVOBJ.dll
0x6ec90000 - 0x6ec9c000 	C:\Program Files (x86)\Java\jre7\bin\verify.dll
0x61a90000 - 0x61ab0000 	C:\Program Files (x86)\Java\jre7\bin\java.dll
0x61a70000 - 0x61a83000 	C:\Program Files (x86)\Java\jre7\bin\zip.dll
0x73cb0000 - 0x73dd9000 	C:\windows\SYSTEM32\dbghelp.dll

VM Arguments:
jvm_args: -Dfile.encoding=Cp1252 -Xbootclasspath:C:\adt-bundle-windows-x86-20130522\adt-bundle-windows-x86-20130522\sdk\platforms\android-17\android.jar 
java_command: prime hr
Launcher Type: SUN_STANDARD

Environment Variables:
PATH=C:/Program Files (x86)/Java/jre7/bin/client;C:/Program Files (x86)/Java/jre7/bin;C:/Program Files (x86)/Java/jre7/lib/i386;C:\WinAVR-20100110\bin;C:\WinAVR-20100110\utils\bin;C:\Program Files (x86)\Intel\iCLS Client\;C:\Program Files\Intel\iCLS Client\;C:\Program Files (x86)\AMD APP\bin\x86_64;C:\Program Files (x86)\AMD APP\bin\x86;C:\windows\system32;C:\windows;C:\windows\System32\Wbem;C:\windows\System32\WindowsPowerShell\v1.0\;C:\Program Files (x86)\ATI Technologies\ATI.ACE\Core-Static;C:\Program Files\Intel\Intel(R) Management Engine Components\DAL;C:\Program Files\Intel\Intel(R) Management Engine Components\IPT;C:\Program Files (x86)\Intel\Intel(R) Management Engine Components\DAL;C:\Program Files (x86)\Intel\Intel(R) Management Engine Components\IPT;C:\Program Files (x86)\Windows Live\Shared;C:\MATLAB\R2012a\runtime\win64;C:\MATLAB\R2012a\bin;C:\adt-bundle-windows-x86-20130522\adt-bundle-windows-x86-20130522\eclipse;
USERNAME=jerome_Misquita
OS=Windows_NT
PROCESSOR_IDENTIFIER=Intel64 Family 6 Model 58 Stepping 9, GenuineIntel



---------------  S Y S T E M  ---------------

OS: Windows 8 , 64 bit Build 9200 

CPU:total 4 (2 cores per cpu, 2 threads per core) family 6 model 58 stepping 9, cmov, cx8, fxsr, mmx, sse, sse2, sse3, ssse3, sse4.1, sse4.2, popcnt, avx, erms, ht, tsc, tscinvbit, tscinv

Memory: 4k page, physical 4083112k(1779052k free), swap 14088368k(2964124k free)

vm_info: Java HotSpot(TM) Client VM (24.51-b03) for windows-x86 JRE (1.7.0_51-b13), built on Dec 18 2013 19:09:58 by "java_re" with unknown MS VC++:1600

time: Fri Aug 15 01:46:19 2014
elapsed time: 0 seconds

